<?xml version="1.0" encoding="UTF-8"?>
<!-- Generated by org.testng.reporters.JUnitReportReporter -->
<testsuite hostname="ankush-shukla" failures="0" tests="1" name="com.test.PlayWrightTest" time="4.050" errors="0" timestamp="2025-06-30T10:07:29 IST" skipped="0">
  <testcase classname="com.test.PlayWrightTest" name="testPlaywrightHomepage" time="4.050"/>
  <system-out/>
</testsuite> <!-- com.test.PlayWrightTest -->
